Watching for file changes with StatReloader
Performing system checks...

System check identified no issues (0 silenced).
February 11, 2022 - 23:30:57
Django version 4.0.2, using settings 'pokemon_api.settings'
Starting development server at http://127.0.0.1:8000/
Quit the server with CONTROL-C.
[11/Feb/2022 23:31:24] "GET /pokemones/listar HTTP/1.1" 200 26262
Not Found: /pokemones/path/to/font-awesome/css/font-awesome.min.css
[11/Feb/2022 23:31:24] "GET /pokemones/path/to/font-awesome/css/font-awesome.min.css HTTP/1.1" 404 2536
Not Found: /pokemones/img/undraw_profile_1.svg
Not Found: /pokemones/img/undraw_profile_2.svg
[11/Feb/2022 23:31:24] "GET /pokemones/img/undraw_profile_1.svg HTTP/1.1" 404 2473
[11/Feb/2022 23:31:24] "GET /pokemones/img/undraw_profile_2.svg HTTP/1.1" 404 2473
Not Found: /pokemones/img/undraw_profile_3.svg
Not Found: /pokemones/img/undraw_profile.svg
[11/Feb/2022 23:31:24] "GET /pokemones/img/undraw_profile_3.svg HTTP/1.1" 404 2473
[11/Feb/2022 23:31:24] "GET /pokemones/img/undraw_profile.svg HTTP/1.1" 404 2467
Not Found: /pokemones/path/to/font-awesome/css/font-awesome.min.css
[11/Feb/2022 23:41:29] "GET /pokemones/path/to/font-awesome/css/font-awesome.min.css HTTP/1.1" 404 2536
[11/Feb/2022 23:41:29] "GET /static/bootstrap/js/bootstrap.bundle.min.js.map HTTP/1.1" 200 316181
